<?xml version="1.0" encoding="UTF-8"?>
<Site BuildName="Darwin-aarch64-apple-darwin23-g++-13"
	BuildStamp="20240225-0851-Experimental"
	Name="steves-MacBook-Air.local"
	Generator="ctest-3.19.3"
	CompilerName="/opt/homebrew/bin/aarch64-apple-darwin23-g++-13"
	CompilerVersion="13.2.0"
	OSName="macOS"
	Hostname="steves-MacBook-Air.local"
	OSRelease="14.1"
	OSVersion="23B74"
	OSPlatform="arm64"
	Is64Bits="1"
	VendorString="IBM"
	VendorID="IBM"
	FamilyID="16777228"
	ModelID="2"
	ProcessorCacheSize="131072"
	NumberOfLogicalCPU="8"
	NumberOfPhysicalCPU="8"
	TotalVirtualMemory="5120"
	TotalPhysicalMemory="8192"
	LogicalProcessorsPerPhysical="8"
	ProcessorClockFrequency="0.016384"
	>
	<Testing>
		<StartDateTime>Feb 25 09:02 GMT</StartDateTime>
		<StartTestTime>1708851762</StartTestTime>
		<TestList/>
		<EndDateTime>Feb 25 09:02 GMT</EndDateTime>
		<EndTestTime>1708851762</EndTestTime>
		<ElapsedMinutes>0</ElapsedMinutes>
	</Testing>
</Site>
