<?xml version="1.0" encoding="UTF-8"?>
<Site BuildName="Darwin-clang++"
	BuildStamp="20220407-1004-Experimental"
	Name="steves-MacBook-Air.local"
	Generator="ctest-3.22.3"
	CompilerName="/usr/bin/clang++"
	CompilerVersion="13.1.6.13160021"
	OSName="macOS"
	Hostname="steves-MacBook-Air.local"
	OSRelease="12.3"
	OSVersion="21E230"
	OSPlatform="arm64"
	Is64Bits="1"
	VendorString="IBM"
	VendorID="IBM"
	FamilyID="16777228"
	ModelID="2"
	ProcessorCacheSize="131072"
	NumberOfLogicalCPU="8"
	NumberOfPhysicalCPU="8"
	TotalVirtualMemory="1024"
	TotalPhysicalMemory="8192"
	LogicalProcessorsPerPhysical="8"
	ProcessorClockFrequency="0"
	>
	<Testing>
		<StartDateTime>Apr 07 11:04 BST</StartDateTime>
		<StartTestTime>1649325881</StartTestTime>
		<TestList/>
		<EndDateTime>Apr 07 11:04 BST</EndDateTime>
		<EndTestTime>1649325881</EndTestTime>
		<ElapsedMinutes>0</ElapsedMinutes>
	</Testing>
</Site>
