<?xml version="1.0" encoding="UTF-8"?>
<Site BuildName="Darwin-clang++"
	BuildStamp="20240218-0140-Experimental"
	Name="steves-MacBook-Air.local"
	Generator="ctest-3.19.3"
	CompilerName="/usr/bin/clang++"
	CompilerVersion="15.0.0.15000100"
	OSName="macOS"
	Hostname="steves-MacBook-Air.local"
	OSRelease="14.1"
	OSVersion="23B74"
	OSPlatform="arm64"
	Is64Bits="1"
	VendorString="IBM"
	VendorID="IBM"
	FamilyID="16777228"
	ModelID="2"
	ProcessorCacheSize="131072"
	NumberOfLogicalCPU="8"
	NumberOfPhysicalCPU="8"
	TotalVirtualMemory="2048"
	TotalPhysicalMemory="8192"
	LogicalProcessorsPerPhysical="8"
	ProcessorClockFrequency="0.016384"
	>
	<Testing>
		<StartDateTime>Feb 18 01:40 GMT</StartDateTime>
		<StartTestTime>1708220442</StartTestTime>
		<TestList/>
		<EndDateTime>Feb 18 01:40 GMT</EndDateTime>
		<EndTestTime>1708220442</EndTestTime>
		<ElapsedMinutes>0</ElapsedMinutes>
	</Testing>
</Site>
